<?xml version="1.0" encoding="UTF-8"?>
<!-- Generated by org.testng.reporters.JUnitXMLReporter -->
<testsuite hostname="Vinoth-PC" ignored="0" name="com.walmartlabs.test.functional.Module1" tests="3" failures="0" timestamp="29 Apr 2019 01:43:54 GMT" time="76.12" errors="0">
  <testcase name="addItemToFavoriteTest" time="8.823" classname="com.walmartlabs.test.functional.Module1.ItemPageTest"/>
  <testcase name="increaseDecreaseQuantityTest" time="9.548" classname="com.walmartlabs.test.functional.Module1.ItemPageTest"/>
  <testcase name="verifyAddToCartTest" time="10.092" classname="com.walmartlabs.test.functional.Module1.ItemPageTest"/>
</testsuite> <!-- com.walmartlabs.test.functional.Module1 -->
